1561
781
487
403
327
383
332
335
268
293
297
263
277
262
264
273
261
279
307
277
278
265
308
297
301
304
450
400
390
366
367
589
398
419
383
389
555
543
432
471
459
466
487
471
461
465
521
682
478
515
402
153
236
294
205
241
157
161
169
178
176
192
222
199
223
228
260
273
269
248
322
260
288
298
261
307
287
323
408
327
342
318
327
353
371
360
365
512
2489
425
406
416
433
440
449
464
463
479
478
497
2112
856
548
655
407
281
250
345
287
301
296
279
273
356
293
282
301
367
252
286
272
265
302
322
341
468
354
347
381
324
358
371
394
376
381
393
423
417
420
427
570
424
454
476
470
527
476
501
517
533
